<?xml version="1.0" encoding="utf-8"?><testsuites><testsuite name="pytest" errors="0" failures="0" skipped="0" tests="166" time="2.193" timestamp="2026-04-20T15:23:18.525886+07:00" hostname="DT.local"><testcase classname="tests.test_data_service.TestGetActiveTenants" name="test_returns_tenant_ids" time="0.002" /><testcase classname="tests.test_data_service.TestGetActiveTenants" name="test_returns_empty_when_no_tenants" time="0.001" /><testcase classname="tests.test_data_service.TestGetCurrentStock" name="test_returns_stock_when_found" time="0.001" /><testcase classname="tests.test_data_service.TestGetCurrentStock" name="test_returns_zero_when_not_found" time="0.001" /><testcase classname="tests.test_data_service.TestGetCurrentStock" name="test_always_filters_tenant_id" time="0.001" /><testcase classname="tests.test_data_service.TestGetBranchCoordinates" name="test_returns_coordinates_when_found" time="0.001" /><testcase classname="tests.test_data_service.TestGetBranchCoordinates" name="test_returns_none_when_branch_not_found" time="0.001" /><testcase classname="tests.test_data_service.TestGetBranchCoordinates" name="test_returns_none_when_lat_lng_null" time="0.001" /><testcase classname="tests.test_data_service.TestGetRecentConsumption" name="test_returns_dataframe_with_correct_columns" time="0.004" /><testcase classname="tests.test_data_service.TestGetRecentConsumption" name="test_returns_empty_when_no_history" time="0.001" /><testcase classname="tests.test_data_service.TestGetRecentConsumption" name="test_raises_on_invalid_series_id" time="0.001" /><testcase classname="tests.test_data_service.TestGetRecentConsumption" name="test_parses_series_id_correctly" time="0.001" /><testcase classname="tests.test_data_service.TestGetActiveIngredients" name="test_returns_ingredients_with_series_id" time="0.001" /><testcase classname="tests.test_data_service.TestGetActiveIngredients" name="test_returns_none_series_id_when_not_in_registry" time="0.001" /><testcase classname="tests.test_data_service.TestGetActiveIngredients" name="test_returns_empty_when_no_ingredients" time="0.001" /><testcase classname="tests.test_data_service.TestBuildAndFill" name="test_fills_missing_days_with_zero" time="0.003" /><testcase classname="tests.test_data_service.TestBuildAndFill" name="test_series_id_assigned_to_all_rows" time="0.001" /><testcase classname="tests.test_data_service.TestBuildAndFill" name="test_returns_empty_for_no_data" time="0.000" /><testcase classname="tests.test_data_service.TestBuildAndFill" name="test_ds_column_is_datetime" time="0.000" /><testcase classname="tests.test_data_service.TestBuildAndFill" name="test_no_negative_y_values" time="0.001" /><testcase classname="tests.test_dataframe_builder.TestBuildGlobalDf" name="test_fills_missing_dates_with_zero" time="0.009" /><testcase classname="tests.test_dataframe_builder.TestBuildGlobalDf" name="test_clips_negative_y_to_zero" time="0.002" /><testcase classname="tests.test_dataframe_builder.TestBuildGlobalDf" name="test_multiple_series_each_filled_independently" time="0.003" /><testcase classname="tests.test_dataframe_builder.TestBuildGlobalDf" name="test_no_data_loss_for_existing_dates" time="0.002" /><testcase classname="tests.test_dataframe_builder.TestBuildGlobalDf" name="test_raises_on_missing_id_column" time="0.000" /><testcase classname="tests.test_dataframe_builder.TestBuildGlobalDf" name="test_raises_on_missing_y_column" time="0.000" /><testcase classname="tests.test_dataframe_builder.TestBuildGlobalDf" name="test_raises_on_non_datetime_ds" time="0.000" /><testcase classname="tests.test_dataframe_builder.TestBuildGlobalDf" name="test_empty_df_returns_empty" time="0.001" /><testcase classname="tests.test_dataframe_builder.TestBuildGlobalDf" name="test_single_day_series_no_fill_needed" time="0.002" /><testcase classname="tests.test_dataframe_builder.TestBuildGlobalDf" name="test_output_sorted_by_id_then_ds" time="0.002" /><testcase classname="tests.test_dataframe_builder.TestValidateSeries" name="test_sufficient_series_returns_true" time="0.001" /><testcase classname="tests.test_dataframe_builder.TestValidateSeries" name="test_insufficient_series_returns_false" time="0.000" /><testcase classname="tests.test_dataframe_builder.TestValidateSeries" name="test_exactly_min_days_is_valid" time="0.000" /><testcase classname="tests.test_dataframe_builder.TestValidateSeries" name="test_one_below_min_is_invalid" time="0.000" /><testcase classname="tests.test_dataframe_builder.TestValidateSeries" name="test_multiple_series_mixed_result" time="0.001" /><testcase classname="tests.test_dataframe_builder.TestValidateSeries" name="test_custom_min_days" time="0.000" /><testcase classname="tests.test_dataframe_builder.TestValidateSeries" name="test_duplicate_dates_count_as_one_day" time="0.001" /><testcase classname="tests.test_dataframe_builder.TestValidateSeries" name="test_raises_on_missing_id_column" time="0.000" /><testcase classname="tests.test_dataframe_builder.TestValidateSeries" name="test_raises_on_missing_ds_column" time="0.000" /><testcase classname="tests.test_dataframe_builder.TestValidateSeries" name="test_empty_df_returns_empty_dict" time="0.001" /><testcase classname="tests.test_dataframe_builder.TestBuildFutureDf" name="test_output_length_equals_history_plus_periods" time="0.001" /><testcase classname="tests.test_dataframe_builder.TestBuildFutureDf" name="test_future_rows_have_nan_y" time="0.001" /><testcase classname="tests.test_dataframe_builder.TestBuildFutureDf" name="test_history_rows_preserve_y_values" time="0.001" /><testcase classname="tests.test_dataframe_builder.TestBuildFutureDf" name="test_future_starts_one_day_after_last_history" time="0.001" /><testcase classname="tests.test_dataframe_builder.TestBuildFutureDf" name="test_future_dates_consecutive_daily" time="0.001" /><testcase classname="tests.test_dataframe_builder.TestBuildFutureDf" name="test_id_column_set_for_all_rows" time="0.001" /><testcase classname="tests.test_dataframe_builder.TestBuildFutureDf" name="test_output_sorted_by_ds" time="0.001" /><testcase classname="tests.test_dataframe_builder.TestBuildFutureDf" name="test_custom_periods" time="0.001" /><testcase classname="tests.test_dataframe_builder.TestBuildFutureDf" name="test_raises_on_empty_history" time="0.000" /><testcase classname="tests.test_dataframe_builder.TestBuildFutureDf" name="test_history_without_id_column_still_works" time="0.001" /><testcase classname="tests.test_dataframe_builder.TestSplitBySeries" name="test_splits_into_correct_keys" time="0.001" /><testcase classname="tests.test_dataframe_builder.TestSplitBySeries" name="test_each_group_has_correct_length" time="0.001" /><testcase classname="tests.test_dataframe_builder.TestSplitBySeries" name="test_index_is_reset" time="0.001" /><testcase classname="tests.test_dataframe_builder.TestSplitBySeries" name="test_single_series" time="0.000" /><testcase classname="tests.test_dataframe_builder.TestSplitBySeries" name="test_raises_on_missing_id_column" time="0.000" /><testcase classname="tests.test_dataframe_builder.TestSplitBySeries" name="test_three_series" time="0.001" /><testcase classname="tests.test_dataframe_builder.TestBuildSeriesId" name="test_format" time="0.000" /><testcase classname="tests.test_dataframe_builder.TestBuildSeriesId" name="test_uuid_format" time="0.000" /><testcase classname="tests.test_dataframe_builder.TestBuildSeriesId" name="test_components_separated_by_double_underscore" time="0.000" /><testcase classname="tests.test_model_io.TestSaveModel" name="test_save_creates_np_file" time="1.673" /><testcase classname="tests.test_model_io.TestSaveModel" name="test_save_calls_neuralprophet_save" time="0.001" /><testcase classname="tests.test_model_io.TestSaveModel" name="test_save_creates_metadata_json" time="0.001" /><testcase classname="tests.test_model_io.TestSaveModel" name="test_save_metadata_default_series_count_zero" time="0.001" /><testcase classname="tests.test_model_io.TestSaveModel" name="test_save_creates_parent_dir" time="0.001" /><testcase classname="tests.test_model_io.TestLoadModel" name="test_load_returns_none_when_file_missing" time="0.000" /><testcase classname="tests.test_model_io.TestLoadModel" name="test_load_returns_model_on_success" time="0.001" /><testcase classname="tests.test_model_io.TestLoadModel" name="test_load_corrupt_returns_none" time="0.001" /><testcase classname="tests.test_model_io.TestLoadModel" name="test_load_corrupt_deletes_np_file" time="0.001" /><testcase classname="tests.test_model_io.TestLoadModel" name="test_load_corrupt_deletes_metadata" time="0.001" /><testcase classname="tests.test_model_io.TestModelExists" name="test_returns_true_when_file_exists" time="0.000" /><testcase classname="tests.test_model_io.TestModelExists" name="test_returns_false_when_file_missing" time="0.000" /><testcase classname="tests.test_model_io.TestModelExists" name="test_does_not_load_model" time="0.001" /><testcase classname="tests.test_model_io.TestGetTrainMetadata" name="test_returns_dict_when_file_exists" time="0.001" /><testcase classname="tests.test_model_io.TestGetTrainMetadata" name="test_returns_none_when_file_missing" time="0.000" /><testcase classname="tests.test_model_io.TestGetTrainMetadata" name="test_returns_none_on_invalid_json" time="0.000" /><testcase classname="tests.test_model_io.TestListAllModels" name="test_returns_empty_when_storage_missing" time="0.000" /><testcase classname="tests.test_model_io.TestListAllModels" name="test_returns_empty_when_no_models" time="0.000" /><testcase classname="tests.test_model_io.TestListAllModels" name="test_returns_tenant_ids" time="0.001" /><testcase classname="tests.test_model_io.TestListAllModels" name="test_excludes_folders_without_np_file" time="0.001" /><testcase classname="tests.test_model_io.TestListAllModels" name="test_returns_sorted_list" time="0.001" /><testcase classname="tests.test_predict_service.TestBuildFallbackForecast" name="test_returns_7_rows" time="0.001" /><testcase classname="tests.test_predict_service.TestBuildFallbackForecast" name="test_output_has_ds_and_yhat1_columns" time="0.000" /><testcase classname="tests.test_predict_service.TestBuildFallbackForecast" name="test_yhat1_equals_avg_of_last_7_days" time="0.000" /><testcase classname="tests.test_predict_service.TestBuildFallbackForecast" name="test_empty_history_returns_zero_yhat1" time="0.000" /><testcase classname="tests.test_predict_service.TestBuildFallbackForecast" name="test_future_dates_start_tomorrow" time="0.000" /><testcase classname="tests.test_predict_service.TestBuildFallbackForecast" name="test_ds_is_datetime" time="0.000" /><testcase classname="tests.test_predict_service.TestBuildFallbackForecast" name="test_history_shorter_than_7_uses_all" time="0.000" /><testcase classname="tests.test_predict_service.TestPredictBranchFallback" name="test_no_model_returns_empty_list" time="0.002" /><testcase classname="tests.test_predict_service.TestPredictBranchFallback" name="test_fallback_sets_correct_schema_fields" time="0.004" /><testcase classname="tests.test_predict_service.TestPredictBranchWithModel" name="test_uses_model_when_exists" time="0.004" /><testcase classname="tests.test_predict_service.TestPredictBranchWithModel" name="test_falls_back_when_model_predict_raises" time="0.004" /><testcase classname="tests.test_predict_service.TestPredictBranchWithModel" name="test_falls_back_when_history_empty_even_with_model" time="0.003" /><testcase classname="tests.test_predict_service.TestPredictBranchEdgeCases" name="test_empty_ingredients_returns_empty_list" time="0.001" /><testcase classname="tests.test_predict_service.TestPredictBranchEdgeCases" name="test_exception_on_one_ingredient_skips_it" time="0.004" /><testcase classname="tests.test_predict_service.TestPredictBranchEdgeCases" name="test_commits_db_at_end" time="0.005" /><testcase classname="tests.test_predict_service.TestPredictBranchEdgeCases" name="test_upserts_forecast_results_for_each_ingredient" time="0.005" /><testcase classname="tests.test_predict_service.TestPredictBranchEdgeCases" name="test_critical_urgency_when_stock_is_zero" time="0.004" /><testcase classname="tests.test_predict_service.TestPredictBranchEdgeCases" name="test_extrapolates_stockout_after_forecast_window" time="0.005" /><testcase classname="tests.test_predict_service.TestPredictBranchEdgeCases" name="test_ok_urgency_when_stock_very_large" time="0.004" /><testcase classname="tests.test_predict_service.TestPredictAllBranches" name="test_calls_predict_branch_for_each_branch" time="0.002" /><testcase classname="tests.test_predict_service.TestPredictAllBranches" name="test_no_tenants_returns_without_error" time="0.001" /><testcase classname="tests.test_predict_service.TestPredictAllBranches" name="test_exception_in_one_branch_continues_others" time="0.001" /><testcase classname="tests.test_security.TestVerifyToken" name="test_valid_token_returns_payload" time="0.044" /><testcase classname="tests.test_security.TestVerifyToken" name="test_valid_token_with_permissions" time="0.000" /><testcase classname="tests.test_security.TestVerifyToken" name="test_tenant_id_camelcase" time="0.000" /><testcase classname="tests.test_security.TestVerifyToken" name="test_tenant_id_snake_case_fallback" time="0.000" /><testcase classname="tests.test_security.TestVerifyToken" name="test_branch_id_none_when_missing" time="0.000" /><testcase classname="tests.test_security.TestVerifyToken" name="test_permissions_default_empty_list" time="0.000" /><testcase classname="tests.test_security.TestVerifyToken" name="test_expired_token_raises_401" time="0.000" /><testcase classname="tests.test_security.TestVerifyToken" name="test_wrong_secret_raises_401" time="0.000" /><testcase classname="tests.test_security.TestVerifyToken" name="test_missing_tenant_id_raises_403" time="0.000" /><testcase classname="tests.test_security.TestVerifyToken" name="test_missing_sub_raises_401" time="0.000" /><testcase classname="tests.test_security.TestVerifyToken" name="test_role_defaults_to_empty_string" time="0.000" /><testcase classname="tests.test_stock_calculator.TestPredictStockoutDate" name="test_returns_today_when_stock_is_zero" time="0.000" /><testcase classname="tests.test_stock_calculator.TestPredictStockoutDate" name="test_returns_today_when_stock_is_negative" time="0.000" /><testcase classname="tests.test_stock_calculator.TestPredictStockoutDate" name="test_returns_none_when_stock_never_runs_out_with_limit" time="0.000" /><testcase classname="tests.test_stock_calculator.TestPredictStockoutDate" name="test_extrapolates_near_stockout_after_forecast_window" time="0.000" /><testcase classname="tests.test_stock_calculator.TestPredictStockoutDate" name="test_returns_none_for_empty_forecast" time="0.000" /><testcase classname="tests.test_stock_calculator.TestPredictStockoutDate" name="test_stockout_on_exact_day" time="0.000" /><testcase classname="tests.test_stock_calculator.TestPredictStockoutDate" name="test_stockout_on_first_day" time="0.000" /><testcase classname="tests.test_stock_calculator.TestPredictStockoutDate" name="test_negative_yhat1_clipped_to_zero" time="0.000" /><testcase classname="tests.test_stock_calculator.TestPredictStockoutDate" name="test_stock_exactly_zero_returns_today_not_forecast" time="0.000" /><testcase classname="tests.test_stock_calculator.TestPredictStockoutDate" name="test_all_zero_forecast_returns_none" time="0.000" /><testcase classname="tests.test_stock_calculator.TestPredictStockoutDate" name="test_stockout_mid_week" time="0.000" /><testcase classname="tests.test_stock_calculator.TestPredictStockoutDate" name="test_min_stock_reduces_usable_stock" time="0.000" /><testcase classname="tests.test_stock_calculator.TestPredictStockoutDate" name="test_min_stock_equals_current_stock_returns_today" time="0.000" /><testcase classname="tests.test_stock_calculator.TestPredictStockoutDate" name="test_min_stock_exceeds_current_stock_returns_today" time="0.000" /><testcase classname="tests.test_stock_calculator.TestPredictStockoutDate" name="test_min_stock_zero_behaves_like_no_min_stock" time="0.000" /><testcase classname="tests.test_stock_calculator.TestPredictStockoutDate" name="test_stock_exceeds_forecast_window_returns_none_by_default" time="0.000" /><testcase classname="tests.test_stock_calculator.TestCalcSuggestedQty" name="test_basic_calculation_with_default_safety" time="0.000" /><testcase classname="tests.test_stock_calculator.TestCalcSuggestedQty" name="test_custom_safety_factor" time="0.000" /><testcase classname="tests.test_stock_calculator.TestCalcSuggestedQty" name="test_empty_forecast_returns_zero" time="0.000" /><testcase classname="tests.test_stock_calculator.TestCalcSuggestedQty" name="test_negative_yhat1_clipped_to_zero" time="0.000" /><testcase classname="tests.test_stock_calculator.TestCalcSuggestedQty" name="test_rounded_to_two_decimal_places" time="0.000" /><testcase classname="tests.test_stock_calculator.TestCalcSuggestedQty" name="test_safety_factor_one_means_no_buffer" time="0.000" /><testcase classname="tests.test_stock_calculator.TestCalcSuggestedQty" name="test_mixed_positive_and_negative" time="0.000" /><testcase classname="tests.test_stock_calculator.TestCalcSuggestedQty" name="test_all_zeros" time="0.000" /><testcase classname="tests.test_stock_calculator.TestCalcSuggestedQty" name="test_subtracts_current_stock_when_provided" time="0.000" /><testcase classname="tests.test_stock_calculator.TestCalcSuggestedQty" name="test_returns_zero_when_current_stock_covers_forecast_with_buffer" time="0.001" /><testcase classname="tests.test_stock_calculator.TestCalcSuggestedOrderDate" name="test_none_stockout_returns_today_plus_30" time="0.000" /><testcase classname="tests.test_stock_calculator.TestCalcSuggestedOrderDate" name="test_stockout_minus_lead_time" time="0.000" /><testcase classname="tests.test_stock_calculator.TestCalcSuggestedOrderDate" name="test_result_not_in_past" time="0.000" /><testcase classname="tests.test_stock_calculator.TestCalcSuggestedOrderDate" name="test_stockout_today_with_lead_time" time="0.000" /><testcase classname="tests.test_stock_calculator.TestCalcSuggestedOrderDate" name="test_stockout_past_with_lead_time" time="0.000" /><testcase classname="tests.test_stock_calculator.TestCalcSuggestedOrderDate" name="test_lead_time_zero" time="0.000" /><testcase classname="tests.test_stock_calculator.TestCalcSuggestedOrderDate" name="test_large_lead_time_exceeds_stockout" time="0.000" /><testcase classname="tests.test_stock_calculator.TestCalcSuggestedOrderDate" name="test_custom_none_horizon" time="0.000" /><testcase classname="tests.test_stock_calculator.TestCalcSuggestedOrderDate" name="test_none_stockout_with_avg_daily_estimates_order_date" time="0.000" /><testcase classname="tests.test_stock_calculator.TestCalcSuggestedOrderDate" name="test_none_stockout_avg_daily_result_not_in_past" time="0.000" /><testcase classname="tests.test_stock_calculator.TestCalcSuggestedOrderDate" name="test_none_stockout_no_avg_daily_falls_back_to_horizon" time="0.000" /><testcase classname="tests.test_stock_calculator.TestCalcAvgDailyConsumption" name="test_basic_average" time="0.000" /><testcase classname="tests.test_stock_calculator.TestCalcAvgDailyConsumption" name="test_empty_forecast_returns_zero" time="0.000" /><testcase classname="tests.test_stock_calculator.TestCalcAvgDailyConsumption" name="test_negative_values_clipped_to_zero" time="0.000" /><testcase classname="tests.test_stock_calculator.TestCalcAvgDailyConsumption" name="test_all_zeros" time="0.000" /><testcase classname="tests.test_stock_calculator.TestCalcAvgDailyConsumption" name="test_nan_values_skipped" time="0.000" /><testcase classname="tests.test_stock_calculator.TestGetUrgency" name="test_none_returns_ok" time="0.000" /><testcase classname="tests.test_stock_calculator.TestGetUrgency" name="test_stockout_today_is_critical" time="0.000" /><testcase classname="tests.test_stock_calculator.TestGetUrgency" name="test_stockout_tomorrow_is_critical" time="0.000" /><testcase classname="tests.test_stock_calculator.TestGetUrgency" name="test_stockout_in_two_days_is_critical" time="0.000" /><testcase classname="tests.test_stock_calculator.TestGetUrgency" name="test_stockout_in_three_days_is_warning" time="0.000" /><testcase classname="tests.test_stock_calculator.TestGetUrgency" name="test_stockout_in_five_days_is_warning" time="0.000" /><testcase classname="tests.test_stock_calculator.TestGetUrgency" name="test_stockout_in_six_days_is_ok" time="0.000" /><testcase classname="tests.test_stock_calculator.TestGetUrgency" name="test_stockout_in_far_future_is_ok" time="0.000" /><testcase classname="tests.test_stock_calculator.TestGetUrgency" name="test_stockout_yesterday_is_critical" time="0.000" /><testcase classname="tests.test_stock_calculator.TestGetUrgency" name="test_stockout_long_ago_is_critical" time="0.000" /><testcase classname="tests.test_stock_calculator.TestGetUrgency" name="test_return_values_are_string_literals" time="0.000" /></testsuite></testsuites>